\BOOKMARK [0][-]{section*.3}{فهرست تصاویر}{}% 1
\BOOKMARK [0][-]{section*.4}{فهرست جداول}{}% 2
\BOOKMARK [0][-]{chapter.1}{مقدمه}{}% 3
\BOOKMARK [0][-]{chapter.2}{مروری بر پژوهش‌ها}{}% 4
\BOOKMARK [0][-]{chapter.3}{کالیبراسیون سینماتیکی مبتنی بر گراف}{}% 5
\BOOKMARK [1][-]{section.3.1}{مقدمه}{chapter.3}% 6
\BOOKMARK [1][-]{section.3.2}{کالیبراسیون سینماتیکی}{chapter.3}% 7
\BOOKMARK [1][-]{section.3.3}{رویکرد مبتنی بر گراف برای حل مسئله کالیبراسیون}{chapter.3}% 8
\BOOKMARK [1][-]{section.3.4}{نتیجه‌گیری}{chapter.3}% 9
\BOOKMARK [0][-]{chapter.4}{پیاده‌سازی رویکرد مبتنی بر گراف برای کالیبراسیون}{}% 10
\BOOKMARK [1][-]{section.4.1}{مقدمه}{chapter.4}% 11
\BOOKMARK [1][-]{section.4.2}{توسعه گراف عامل برای ربات کابلی موازی کمال الملک}{chapter.4}% 12
\BOOKMARK [2][-]{subsection.4.2.1}{معرفی ربات}{section.4.2}% 13
\BOOKMARK [2][-]{subsection.4.2.2}{فرمول‌بندی مسئله}{section.4.2}% 14
\BOOKMARK [1][-]{section.4.3}{تحلیل حساسیت}{chapter.4}% 15
\BOOKMARK [1][-]{section.4.4}{نتایج پیاده‌سازی}{chapter.4}% 16
\BOOKMARK [1][-]{section.4.5}{نتیجه‌گیری}{chapter.4}% 17
\BOOKMARK [0][-]{chapter.5}{نتیجه‌گیری و ارائه پیشنهاد‌ها}{}% 18
\BOOKMARK [0][-]{chapter*.5}{مراجع}{}% 19
\BOOKMARK [0][-]{appendix.Alph1}{گراف عامل در رباتیک}{}% 20
\BOOKMARK [0][-]{appendix.Alph2}{پیاده‌سازی سخت افزار}{}% 21
